
[0m[2m[35m$[0m [2m[1mtsup src/**/*.ts src/**/*.tsx --dts --format esm,cjs --external react,react-dom[0m
[34mCLI[39m Building entry: src/index.ts, src/types.ts, src/RichInput.tsx
[34mCLI[39m Using tsconfig: ../../tsconfig.json
[34mCLI[39m tsup v7.3.0
[34mCLI[39m Target: esnext
[34mESM[39m Build start
[34mCJS[39m Build start
[32mCJS[39m [1mdist/types.cjs     [22m[32m758.00 B[39m
[32mCJS[39m [1mdist/index.cjs     [22m[32m3.70 KB[39m
[32mCJS[39m [1mdist/RichInput.cjs [22m[32m3.60 KB[39m
[32mCJS[39m ⚡️ Build success in 17ms
[32mESM[39m [1mdist/types.js          [22m[32m0 B[39m
[32mESM[39m [1mdist/RichInput.js      [22m[32m102.00 B[39m
[32mESM[39m [1mdist/chunk-JJWQ2P7A.js [22m[32m1.93 KB[39m
[32mESM[39m [1mdist/index.js          [22m[32m104.00 B[39m
[32mESM[39m ⚡️ Build success in 18ms
[34mDTS[39m Build start
[32mDTS[39m ⚡️ Build success in 1186ms
[32mDTS[39m [1mdist/types.d.ts      [22m[32m363.00 B[39m
[32mDTS[39m [1mdist/RichInput.d.ts  [22m[32m270.00 B[39m
[32mDTS[39m [1mdist/index.d.ts      [22m[32m153.00 B[39m
[32mDTS[39m [1mdist/types.d.cts     [22m[32m363.00 B[39m
[32mDTS[39m [1mdist/RichInput.d.cts [22m[32m271.00 B[39m
[32mDTS[39m [1mdist/index.d.cts     [22m[32m155.00 B[39m
